  Source.cpp
E:\Project\VS\MidTerm\Source.cpp(28,17): warning C4244: 'argument': conversion from '__int64' to 'const unsigned int', possible loss of data
E:\Project\VS\MidTerm\Source.cpp(30,11): warning C4244: 'argument': conversion from '__int64' to 'const unsigned int', possible loss of data
E:\Project\VS\MidTerm\Source.cpp(39,31): warning C4244: 'argument': conversion from '__int64' to 'const unsigned int', possible loss of data
E:\Project\VS\MidTerm\Source.cpp(59,26): warning C4244: 'argument': conversion from '__int64' to 'const unsigned int', possible loss of data
E:\Project\VS\MidTerm\Source.cpp(60,26): warning C4244: 'argument': conversion from '__int64' to 'const unsigned int', possible loss of data
E:\Project\VS\MidTerm\Source.cpp(65,27): warning C4244: 'argument': conversion from '__int64' to 'const unsigned int', possible loss of data
E:\Project\VS\MidTerm\Source.cpp(75,20): warning C4244: 'argument': conversion from '__int64' to 'const unsigned int', possible loss of data
E:\Project\VS\MidTerm\Source.cpp(80,20): warning C4244: 'argument': conversion from '__int64' to 'const unsigned int', possible loss of data
E:\Project\VS\MidTerm\Source.cpp(91,28): warning C4244: 'argument': conversion from '__int64' to 'int', possible loss of data
E:\Project\VS\MidTerm\Source.cpp(91,21): warning C4244: 'argument': conversion from '__int64' to 'int', possible loss of data
E:\Project\VS\MidTerm\Source.cpp(93,28): warning C4244: 'argument': conversion from '__int64' to 'int', possible loss of data
E:\Project\VS\MidTerm\Source.cpp(93,21): warning C4244: 'argument': conversion from '__int64' to 'int', possible loss of data
E:\Project\VS\MidTerm\Source.cpp(106,30): warning C4244: 'argument': conversion from '__int64' to 'const unsigned int', possible loss of data
E:\Project\VS\MidTerm\Source.cpp(109,31): warning C4244: 'argument': conversion from '__int64' to 'const unsigned int', possible loss of data
E:\Project\VS\MidTerm\Source.cpp(109,67): warning C4244: 'argument': conversion from '__int64' to 'const unsigned int', possible loss of data
E:\Project\VS\MidTerm\Source.cpp(109,100): warning C4244: 'argument': conversion from '__int64' to 'const unsigned int', possible loss of data
E:\Project\VS\MidTerm\Source.cpp(118,27): warning C4244: 'argument': conversion from '__int64' to 'int', possible loss of data
E:\Project\VS\MidTerm\Source.cpp(118,20): warning C4244: 'argument': conversion from '__int64' to 'int', possible loss of data
E:\Project\VS\MidTerm\Source.cpp(145,16): warning C4244: 'initializing': conversion from '__int64' to 'int', possible loss of data
E:\Project\VS\MidTerm\Source.cpp(147,17): warning C4244: 'initializing': conversion from '__int64' to 'int', possible loss of data
E:\Project\VS\MidTerm\Source.cpp(149,29): warning C4244: 'argument': conversion from '__int64' to 'const unsigned int', possible loss of data
E:\Project\VS\MidTerm\Source.cpp(152,30): warning C4244: 'argument': conversion from '__int64' to 'const unsigned int', possible loss of data
E:\Project\VS\MidTerm\Source.cpp(152,66): warning C4244: 'argument': conversion from '__int64' to 'const unsigned int', possible loss of data
E:\Project\VS\MidTerm\Source.cpp(152,101): warning C4244: 'argument': conversion from '__int64' to 'const unsigned int', possible loss of data
E:\Project\VS\MidTerm\Source.cpp(171,26): warning C4244: 'argument': conversion from '__int64' to 'const unsigned int', possible loss of data
E:\Project\VS\MidTerm\Source.cpp(172,26): warning C4244: 'argument': conversion from '__int64' to 'const unsigned int', possible loss of data
E:\Project\VS\MidTerm\Source.cpp(177,27): warning C4244: 'argument': conversion from '__int64' to 'const unsigned int', possible loss of data
E:\Project\VS\MidTerm\Source.cpp(187,20): warning C4244: 'argument': conversion from '__int64' to 'const unsigned int', possible loss of data
E:\Project\VS\MidTerm\Source.cpp(192,20): warning C4244: 'argument': conversion from '__int64' to 'const unsigned int', possible loss of data
E:\Project\VS\MidTerm\Source.cpp(203,28): warning C4244: 'argument': conversion from '__int64' to 'int', possible loss of data
E:\Project\VS\MidTerm\Source.cpp(203,21): warning C4244: 'argument': conversion from '__int64' to 'int', possible loss of data
E:\Project\VS\MidTerm\Source.cpp(205,28): warning C4244: 'argument': conversion from '__int64' to 'int', possible loss of data
E:\Project\VS\MidTerm\Source.cpp(205,21): warning C4244: 'argument': conversion from '__int64' to 'int', possible loss of data
E:\Project\VS\MidTerm\Source.cpp(214,16): warning C4244: 'initializing': conversion from 'const _Ty' to 'long', possible loss of data
          with
          [
              _Ty=__int64
          ]
E:\Project\VS\MidTerm\Source.cpp(234,27): warning C4244: 'argument': conversion from '__int64' to 'int', possible loss of data
E:\Project\VS\MidTerm\Source.cpp(234,20): warning C4244: 'argument': conversion from '__int64' to 'int', possible loss of data
  MidTerm.vcxproj -> E:\Project\VS\MidTerm\Debug\MidTerm.exe
